<?xml version="1.0" encoding="UTF-8"?>
<testng-results skipped="0" failed="0" ignored="0" total="0" passed="0">
  <reporter-output>
  </reporter-output>
  <suite name="com.manven1.Project1.AppTest" duration-ms="22" started-at="2017-09-12T01:33:42Z" finished-at="2017-09-12T01:33:42Z">
    <groups>
    </groups>
    <test name="Command line test" duration-ms="22" started-at="2017-09-12T01:33:42Z" finished-at="2017-09-12T01:33:42Z">
    </test> <!-- Command line test -->
  </suite> <!-- com.manven1.Project1.AppTest -->
</testng-results>
